[2m2026-05-29T05:29:23.844604Z[0m [[32m[1minfo     [0m] [1mfrontend_mounted              [0m [[0m[1m[34mapp[0m][0m [36mpath[0m=[35m'C:\\Users\\SuryadevRathore\\Downloads\\redshift_to_fabric_backend_v11 (1)\\redshift_to_fabric\\frontend'[0m
[2m2026-05-29T05:29:23.844604Z[0m [[32m[1minfo     [0m] [1mfrontend_mounted              [0m [[0m[1m[34mapp[0m][0m [36mpath[0m=[35m'C:\\Users\\SuryadevRathore\\Downloads\\redshift_to_fabric_backend_v11 (1)\\redshift_to_fabric\\frontend'[0m
[2m2026-05-29T05:29:23.852827Z[0m [[32m[1minfo     [0m] [1mstartup                       [0m [[0m[1m[34mapp[0m][0m [36mport[0m=[35m8000[0m [36mversion[0m=[35m1.0.0[0m
[2m2026-05-29T05:29:23.852827Z[0m [[32m[1minfo     [0m] [1mstartup                       [0m [[0m[1m[34mapp[0m][0m [36mport[0m=[35m8000[0m [36mversion[0m=[35m1.0.0[0m
[2m2026-05-29T05:29:55.288279Z[0m [[32m[1minfo     [0m] [1mconvert_sql_request           [0m [[0m[1m[34mapi.convert[0m][0m [36mfilename[0m=[35minline_input.sql[0m [36mjob_id[0m=[35m14692951[0m
[2m2026-05-29T05:29:55.288279Z[0m [[32m[1minfo     [0m] [1mconvert_sql_request           [0m [[0m[1m[34mapi.convert[0m][0m [36mfilename[0m=[35minline_input.sql[0m [36mjob_id[0m=[35m14692951[0m
[2m2026-05-29T05:29:55.291871Z[0m [[32m[1minfo     [0m] [1mpipeline_start                [0m [[0m[1m[34mpipeline[0m][0m [36mmv_target[0m=[35mlakehouse_mv[0m [36mschema_mode[0m=[35mdynamic[0m [36msource[0m=[35minline_input.sql[0m
[2m2026-05-29T05:29:55.291871Z[0m [[32m[1minfo     [0m] [1mpipeline_start                [0m [[0m[1m[34mpipeline[0m][0m [36mmv_target[0m=[35mlakehouse_mv[0m [36mschema_mode[0m=[35mdynamic[0m [36msource[0m=[35minline_input.sql[0m
[2m2026-05-29T05:29:55.298092Z[0m [[32m[1minfo     [0m] [1mstatements_found              [0m [[0m[1m[34mpipeline[0m][0m [36mcount[0m=[35m1[0m
[2m2026-05-29T05:29:55.298092Z[0m [[32m[1minfo     [0m] [1mstatements_found              [0m [[0m[1m[34mpipeline[0m][0m [36mcount[0m=[35m1[0m
[2m2026-05-29T05:29:55.299751Z[0m [[32m[1minfo     [0m] [1mclassified                    [0m [[0m[1m[34mpipeline[0m][0m [36mcount[0m=[35m1[0m
[2m2026-05-29T05:29:55.299751Z[0m [[32m[1minfo     [0m] [1mclassified                    [0m [[0m[1m[34mpipeline[0m][0m [36mcount[0m=[35m1[0m
[2m2026-05-29T05:29:55.314748Z[0m [[32m[1minfo     [0m] [1mpipeline_complete             [0m [[0m[1m[34mpipeline[0m][0m [36mduration_ms[0m=[35m22.9[0m [36mfailed[0m=[35m0[0m [36mmanual_review[0m=[35m0[0m [36mpartial[0m=[35m1[0m [36msource[0m=[35minline_input.sql[0m [36msuccessful[0m=[35m0[0m [36mtotal[0m=[35m1[0m
[2m2026-05-29T05:29:55.314748Z[0m [[32m[1minfo     [0m] [1mpipeline_complete             [0m [[0m[1m[34mpipeline[0m][0m [36mduration_ms[0m=[35m22.9[0m [36mfailed[0m=[35m0[0m [36mmanual_review[0m=[35m0[0m [36mpartial[0m=[35m1[0m [36msource[0m=[35minline_input.sql[0m [36msuccessful[0m=[35m0[0m [36mtotal[0m=[35m1[0m
[2m2026-05-29T05:29:55.351876Z[0m [[32m[1minfo     [0m] [1moutputs_written               [0m [[0m[1m[34moutput_generator[0m][0m [36mfiles[0m=[35m['views', 'combined', 'report_md', 'report_json'][0m [36mjob[0m=[35m20260529_052955_14692951[0m
[2m2026-05-29T05:29:55.351876Z[0m [[32m[1minfo     [0m] [1moutputs_written               [0m [[0m[1m[34moutput_generator[0m][0m [36mfiles[0m=[35m['views', 'combined', 'report_md', 'report_json'][0m [36mjob[0m=[35m20260529_052955_14692951[0m
[2m2026-05-29T05:30:16.556049Z[0m [[32m[1minfo     [0m] [1mconvert_sql_request           [0m [[0m[1m[34mapi.convert[0m][0m [36mfilename[0m=[35minline_input.sql[0m [36mjob_id[0m=[35m31409a07[0m
[2m2026-05-29T05:30:16.556049Z[0m [[32m[1minfo     [0m] [1mconvert_sql_request           [0m [[0m[1m[34mapi.convert[0m][0m [36mfilename[0m=[35minline_input.sql[0m [36mjob_id[0m=[35m31409a07[0m
[2m2026-05-29T05:30:16.557046Z[0m [[32m[1minfo     [0m] [1mpipeline_start                [0m [[0m[1m[34mpipeline[0m][0m [36mmv_target[0m=[35mlakehouse_mv[0m [36mschema_mode[0m=[35mhardcoded[0m [36msource[0m=[35minline_input.sql[0m
[2m2026-05-29T05:30:16.557046Z[0m [[32m[1minfo     [0m] [1mpipeline_start                [0m [[0m[1m[34mpipeline[0m][0m [36mmv_target[0m=[35mlakehouse_mv[0m [36mschema_mode[0m=[35mhardcoded[0m [36msource[0m=[35minline_input.sql[0m
[2m2026-05-29T05:30:16.557869Z[0m [[32m[1minfo     [0m] [1mstatements_found              [0m [[0m[1m[34mpipeline[0m][0m [36mcount[0m=[35m1[0m
[2m2026-05-29T05:30:16.557869Z[0m [[32m[1minfo     [0m] [1mstatements_found              [0m [[0m[1m[34mpipeline[0m][0m [36mcount[0m=[35m1[0m
[2m2026-05-29T05:30:16.558777Z[0m [[32m[1minfo     [0m] [1mclassified                    [0m [[0m[1m[34mpipeline[0m][0m [36mcount[0m=[35m1[0m
[2m2026-05-29T05:30:16.558777Z[0m [[32m[1minfo     [0m] [1mclassified                    [0m [[0m[1m[34mpipeline[0m][0m [36mcount[0m=[35m1[0m
[2m2026-05-29T05:30:16.568259Z[0m [[32m[1minfo     [0m] [1mpipeline_complete             [0m [[0m[1m[34mpipeline[0m][0m [36mduration_ms[0m=[35m11.2[0m [36mfailed[0m=[35m0[0m [36mmanual_review[0m=[35m0[0m [36mpartial[0m=[35m1[0m [36msource[0m=[35minline_input.sql[0m [36msuccessful[0m=[35m0[0m [36mtotal[0m=[35m1[0m
[2m2026-05-29T05:30:16.568259Z[0m [[32m[1minfo     [0m] [1mpipeline_complete             [0m [[0m[1m[34mpipeline[0m][0m [36mduration_ms[0m=[35m11.2[0m [36mfailed[0m=[35m0[0m [36mmanual_review[0m=[35m0[0m [36mpartial[0m=[35m1[0m [36msource[0m=[35minline_input.sql[0m [36msuccessful[0m=[35m0[0m [36mtotal[0m=[35m1[0m
[2m2026-05-29T05:30:16.596374Z[0m [[32m[1minfo     [0m] [1moutputs_written               [0m [[0m[1m[34moutput_generator[0m][0m [36mfiles[0m=[35m['views', 'combined', 'report_md', 'report_json'][0m [36mjob[0m=[35m20260529_053016_31409a07[0m
[2m2026-05-29T05:30:16.596374Z[0m [[32m[1minfo     [0m] [1moutputs_written               [0m [[0m[1m[34moutput_generator[0m][0m [36mfiles[0m=[35m['views', 'combined', 'report_md', 'report_json'][0m [36mjob[0m=[35m20260529_053016_31409a07[0m
